C51 COMPILER V7.50   FLASH                                                                 04/26/2018 21:49:46 PAGE 1   


C51 COMPILER V7.50, COMPILATION OF MODULE FLASH
OBJECT MODULE PLACED IN .\flash.obj
COMPILER INVOKED BY: d:\Keil\C51\BIN\C51.EXE ..\code\flash.c LARGE BROWSE DEBUG OBJECTEXTEND PRINT(.\flash.lst) OBJECT(.
                    -\flash.obj)

line level    source

   1          #include  "include.h"
   2          
   3          /********************************************************
   4          读单片机EEPROM
   5          ********************************************************/
   6          INT8U read_eeprom(INT16U addr)
   7          {
   8   1              INT8U val;
   9   1              IAP_ADDRH=(INT8U)(addr>>8);
  10   1              IAP_ADDRL=(INT8U)(addr);  
  11   1              // 设置等待时间,30M以下0,24M以下1,20M以下2,12M以下3,6M以下4,3M以下5,2M以下6,1M以下7.
  12   1              IAP_CONTR=0x82;    
  13   1              // 0 0 : Standby 待机模式,无ISP/IAP操作
  14   1              // 0 1 : 对 EEPROM 进行字节读
  15   1              // 1 0 : 对 EEPROM 进行字节编程
  16   1              // 1 1 : 对 EEPROM进行扇区擦除
  17   1              IAP_CMD=1;   
  18   1              IAP_TRIG=0x5a;
  19   1              IAP_TRIG=0xa5;
  20   1              nop();
  21   1              val=IAP_DATA;
  22   1              IAP_CONTR=0;
  23   1              IAP_CMD=0;
  24   1              IAP_TRIG=0;
  25   1              IAP_ADDRH=0x80;
  26   1              IAP_ADDRL=0x00;   
  27   1              return val;
  28   1      }
  29          
  30          void read_eeproms( INT16U StartAddr, INT8U * Buf, INT8U Len )
  31          {
  32   1              while( Len -- )
  33   1              {
  34   2                      *Buf++ = read_eeprom( StartAddr++ );    
  35   2              }
  36   1      }
  37          
  38          
  39          /********************************************************
  40          单片机EEPROM扇区擦除
  41          ********************************************************/
  42          void erase_eeprom(INT16U first_addr)
  43          {
  44   1              IAP_ADDRH=(INT8U)(first_addr>>8);
  45   1              IAP_ADDRL=(INT8U)(first_addr);
  46   1              //设置等待时间,30M以下0,24M以下1,20M以下2,12M以下3,6M以下4,3M以下5,2M以下6,1M以下7.
  47   1              IAP_CONTR=0x82;  
  48   1              // 0 0 : Standby 待机模式,无ISP/IAP操作
  49   1              // 0 1 : 对 EEPROM 进行字节读
  50   1              // 1 0 : 对 EEPROM 进行字节编程
  51   1              // 1 1 : 对 EEPROM进行扇区擦除
  52   1              IAP_CMD=3; 
  53   1              IAP_TRIG=0x5a;
  54   1              IAP_TRIG=0xa5;
C51 COMPILER V7.50   FLASH                                                                 04/26/2018 21:49:46 PAGE 2   

  55   1              nop();
  56   1              IAP_CONTR=0;
  57   1              IAP_CMD=0;
  58   1              IAP_TRIG=0;
  59   1              IAP_ADDRH=0x80;
  60   1              IAP_ADDRL=0x00;   
  61   1      }
  62          
  63          
  64          /********************************************************
  65          写单片机EEPROM
  66          ********************************************************/
  67          void program_eeprom(INT16U addr,INT8U val)
  68          {
  69   1              //uint data first_addr;
  70   1              //first_addr=addr&0xe000;
  71   1              //erase_eeprom(first_addr);
  72   1              IAP_DATA=val;
  73   1              IAP_ADDRH=(INT8U)(addr>>8);
  74   1              IAP_ADDRL=(INT8U)(addr);
  75   1              //设置等待时间,30M以下0,24M以下1,20M以下2,12M以下3,6M以下4,3M以下5,2M以下6,1M以下7.
  76   1              // 1 0 0 0 0 0 D1 D2
  77   1              IAP_CONTR=0x82;
  78   1              // 0 0 : Standby 待机模式,无ISP/IAP操作
  79   1              // 0 1 : 对 EEPROM 进行字节读
  80   1              // 1 0 : 对 EEPROM 进行字节编程
  81   1              // 1 1 : 对 EEPROM 进行扇区擦除
  82   1              IAP_CMD=2;
  83   1              IAP_TRIG=0x5a;
  84   1              IAP_TRIG=0xa5;
  85   1              nop();
  86   1              IAP_CONTR=0;
  87   1              IAP_CMD=0;
  88   1              IAP_TRIG=0;
  89   1              IAP_ADDRH=0x80;
  90   1              IAP_ADDRL=0x00;
  91   1      }
  92          
  93          void program_eeproms( INT16U StartAddr, INT8U * Buf, INT8U Len )
  94          {
  95   1              while( Len -- )
  96   1              {
  97   2                      program_eeprom( StartAddr++, *Buf++ );
  98   2                      delay_ms(2);    
  99   2              }
 100   1      }
 101          
 102          void init_flash(void)
 103          {
 104   1      
 105   1      }


MODULE INFORMATION:   STATIC OVERLAYABLE
   CODE SIZE        =    257    ----
   CONSTANT SIZE    =   ----    ----
   XDATA SIZE       =   ----      12
   PDATA SIZE       =   ----    ----
   DATA SIZE        =   ----    ----
   IDATA SIZE       =   ----    ----
   BIT SIZE         =   ----    ----
END OF MODULE INFORMATION.

C51 COMPILER V7.50   FLASH                                                                 04/26/2018 21:49:46 PAGE 3   


C51 COMPILATION COMPLETE.  0 WARNING(S),  0 ERROR(S)
