C51 COMPILER V7.50   MAIN                                                                  04/26/2018 21:50:27 PAGE 1   


C51 COMPILER V7.50, COMPILATION OF MODULE MAIN
OBJECT MODULE PLACED IN .\main.obj
COMPILER INVOKED BY: d:\Keil\C51\BIN\C51.EXE ..\code\main.c LARGE BROWSE DEBUG OBJECTEXTEND PRINT(.\main.lst) OBJECT(.\m
                    -ain.obj)

line level    source

   1          #include "include.h"
   2          
   3          sbit STAT=P1^3;
   4          sbit EN=P1^4;
   5          
   6          void delay_ms( INT16U tms )
   7          {
   8   1          INT16U i;
   9   1      
  10   1          while( tms-- )
  11   1          {
  12   2              for( i = 0; i < 300; i ++ )
  13   2              {
  14   3                  nop();
  15   3                  nop();
  16   3                  nop();
  17   3                  nop();
  18   3                  nop();
  19   3                  nop();
  20   3              }
  21   2          }
  22   1      }
  23          
  24          void init_led( void )
  25          {
  26   1      }
  27          
  28          void init_port( void )
  29          {
  30   1      //    P0M1 = 0x00;
  31   1      //    P0M0 = 0xff;
  32   1      
  33   1          P3M1 &= ~0x10;
  34   1          P3M0 |= 0x10;
  35   1          //
  36   1          //  P1M1=0x00;
  37   1          //  P1M0=0x00;
  38   1          //
  39   1          //  P2M1=0x00;
  40   1          //  P2M0=0xff;
  41   1          //
  42   1          //  P30=1;
  43   1          //  P3M1=0x41;
  44   1          //  P3M0=0xa2;
  45   1          //
  46   1          //  P4M1=0x02;
  47   1          //  P4M0=0x00;
  48   1          BEEP_OFF;       //3.4
  49   1          LED_OFF;        //1.5
  50   1          STAT = 1;       //1.3
  51   1          EN = 1;         //1.4
  52   1      }
  53          
  54          void init_par( void )
C51 COMPILER V7.50   MAIN                                                                  04/26/2018 21:50:27 PAGE 2   

  55          {
  56   1          BEEP_OFF;
  57   1          LED_OFF;
  58   1      }
  59          
  60          void init_wdt( void )    //2.7S
  61          {
  62   1          //  WDT_CONTR = 0xC1;
  63   1          //  WDT_CONTR = 0x3E;
  64   1      }
  65          
  66          void feed_wdt( void )
  67          {
  68   1          //  WDT_CONTR = 0x3E;
  69   1      }
  70          
  71          void init_all(void)
  72          {
  73   1          EA = 0;
  74   1          init_timer();
  75   1          init_uart();
  76   1          init_port();
  77   1          init_rc522();
  78   1          init_par();
  79   1          init_wdt();
  80   1          init_led();
  81   1          EA = 1;
  82   1      }
  83          
  84          void main(void)
  85          {
  86   1          if((PCON&0x10)==0) //如果POF位=0
  87   1          {
  88   2             PCON=PCON|0x10;  //将POF位置1
  89   2             IAP_CONTR=0x60;  //软复位,从ISP监控区启动
  90   2          }
  91   1          else
  92   1          {
  93   2             PCON=PCON&0xef;  //将POF位清零
  94   2          }
  95   1      
  96   1          lcdInitinal();
  97   1          lcdMsg("创思通信",2,2);
  98   1          lcdMsg("www.csgsm.com",4,1);
  99   1          delay_ms(2000);
 100   1          lcdInitinal();
 101   1          delay_ms(2);
 102   1          lcdMsg("余额：----",4,0);
 103   1          lcdMsg("卡号：----",2,0);
 104   1          lcdMsg("消费：----",3,0);
 105   1          lcdMsg("状态：----",1,0);
 106   1      
 107   1          init_all();
 108   1      
 109   1      
 110   1          while(1)
 111   1          {
 112   2              feed_wdt();
 113   2              ctrl_process();
 114   2          }
 115   1      }

C51 COMPILER V7.50   MAIN                                                                  04/26/2018 21:50:27 PAGE 3   


MODULE INFORMATION:   STATIC OVERLAYABLE
   CODE SIZE        =    229    ----
   CONSTANT SIZE    =     67    ----
   XDATA SIZE       =   ----    ----
   PDATA SIZE       =   ----    ----
   DATA SIZE        =   ----    ----
   IDATA SIZE       =   ----    ----
   BIT SIZE         =   ----    ----
END OF MODULE INFORMATION.


C51 COMPILATION COMPLETE.  0 WARNING(S),  0 ERROR(S)
